0 silly argv { _: [ 'publish' ],
0 silly argv   composed: 'publish',
0 silly argv   lernaVersion: '3.10.5',
0 silly argv   '$0': '/usr/local/bin/lerna' }
1 notice cli v3.10.5
2 verbose rootPath /home/teja/Documents/github/lerna-repo
3 info versioning independent
4 verbose session da2f42312859bbf6
5 verbose user-agent lerna/3.10.5/node@v8.10.0+x64 (linux)
6 verbose git-describe undefined => "2677544"
7 silly git-describe parsed => {"refCount":"2","sha":"2677544","isDirty":false}
8 silly argv { _: [ 'publish' ], composed: 'publish', lernaVersion: '3.10.5' }
9 verbose rootPath /home/teja/Documents/github/lerna-repo
10 silly isAnythingCommitted
11 verbose isAnythingCommitted 1
12 silly currentBranch
13 verbose currentBranch master
14 silly remoteBranchExists
15 silly isBehindUpstream
16 silly isBehindUpstream master is behind origin/master by 0 commit(s) and ahead by 0
17 silly hasTags
18 verbose hasTags false
19 info Looking for changed packages since initial commit.
20 verbose updated account-info
21 verbose updated address
22 verbose git-describe undefined => "2677544"
23 silly git-describe parsed => {"refCount":"2","sha":"2677544","isDirty":false}
24 silly batched [ PackageGraphNode {
24 silly batched     name: 'account-info',
24 silly batched     externalDependencies:
24 silly batched      Map {
24 silly batched        'antd' => [Object],
24 silly batched        'prop-types' => [Object],
24 silly batched        'react' => [Object],
24 silly batched        'react-dom' => [Object],
24 silly batched        'styled-components' => [Object],
24 silly batched        'webpack' => [Object] },
24 silly batched     localDependencies: Map {},
24 silly batched     localDependents: Map {} },
24 silly batched   PackageGraphNode {
24 silly batched     name: 'address',
24 silly batched     externalDependencies:
24 silly batched      Map {
24 silly batched        'antd' => [Object],
24 silly batched        'prop-types' => [Object],
24 silly batched        'react' => [Object],
24 silly batched        'react-dom' => [Object],
24 silly batched        'react-jazzicon' => [Object],
24 silly batched        'styled-components' => [Object],
24 silly batched        'webpack' => [Object] },
24 silly batched     localDependencies: Map {},
24 silly batched     localDependents: Map {} } ]
25 silly lifecycle No script for "preversion" in "root", continuing
26 silly lifecycle No script for "preversion" in "account-info", continuing
27 silly lifecycle No script for "preversion" in "address", continuing
28 silly lifecycle No script for "version" in "account-info", continuing
29 silly lifecycle No script for "version" in "address", continuing
30 silly lifecycle No script for "version" in "root", continuing
31 silly gitAdd [ '/home/teja/Documents/github/lerna-repo/packages/AccountInfo/package.json',
31 silly gitAdd   '/home/teja/Documents/github/lerna-repo/packages/Address/package.json' ]
32 silly gitCommit Publish
32 silly gitCommit
32 silly gitCommit  - account-info@1.0.1-alpha.0
32 silly gitCommit  - address@1.0.1-alpha.0
33 verbose git [ 'commit',
33 verbose git   '-F',
33 verbose git   '/tmp/6c0798b9-9ba2-475b-81f7-467be5884236/lerna-commit.txt' ]
34 silly gitTag account-info@1.0.1-alpha.0
35 verbose git [ 'tag',
35 verbose git   'account-info@1.0.1-alpha.0',
35 verbose git   '-m',
35 verbose git   'account-info@1.0.1-alpha.0' ]
36 silly gitTag address@1.0.1-alpha.0
37 verbose git [ 'tag', 'address@1.0.1-alpha.0', '-m', 'address@1.0.1-alpha.0' ]
38 silly lifecycle No script for "postversion" in "account-info", continuing
39 silly lifecycle No script for "postversion" in "address", continuing
40 silly lifecycle No script for "postversion" in "root", continuing
41 info git Pushing tags...
42 silly gitPush origin master
43 silly batched [ PackageGraphNode {
43 silly batched     name: 'account-info',
43 silly batched     externalDependencies:
43 silly batched      Map {
43 silly batched        'antd' => [Object],
43 silly batched        'prop-types' => [Object],
43 silly batched        'react' => [Object],
43 silly batched        'react-dom' => [Object],
43 silly batched        'styled-components' => [Object],
43 silly batched        'webpack' => [Object] },
43 silly batched     localDependencies: Map {},
43 silly batched     localDependents: Map {} },
43 silly batched   PackageGraphNode {
43 silly batched     name: 'address',
43 silly batched     externalDependencies:
43 silly batched      Map {
43 silly batched        'antd' => [Object],
43 silly batched        'prop-types' => [Object],
43 silly batched        'react' => [Object],
43 silly batched        'react-dom' => [Object],
43 silly batched        'react-jazzicon' => [Object],
43 silly batched        'styled-components' => [Object],
43 silly batched        'webpack' => [Object] },
43 silly batched     localDependencies: Map {},
43 silly batched     localDependents: Map {} } ]
44 info publish Publishing packages to npm...
45 info Verifying npm credentials
46 verbose Retrieving npm user profile
47 http fetch GET 200 https://registry.npmjs.org/-/npm/v1/user 1544ms
48 silly npm profile get received {"tfa":false,"name":"pbteja1998","email":"pbteja1998@gmail.com","email_verified":true,"created":"2019-01-17T22:05:16.689Z","updated":"2019-01-17T22:05:16.688Z","cidr_whitelist":null}
49 silly npm whoami received {"username":"pbteja1998"}
50 silly verifyNpmPackageAccess
51 http fetch GET 200 https://registry.npmjs.org/-/org/pbteja1998/package?format=cli 353ms
52 warn ENOLICENSE Packages account-info, address are missing a license
53 silly getCurrentSHA
54 verbose getCurrentSHA ed5643976cd11bed9e37ac24c01975cb1a2db0ec
55 silly lifecycle No script for "prepublish" in "root", continuing
56 silly lifecycle No script for "prepare" in "root", continuing
57 silly lifecycle No script for "prepublishOnly" in "root", continuing
58 silly lifecycle No script for "prepack" in "root", continuing
59 verbose pack-directory packages/AccountInfo
60 verbose pack-directory packages/Address
61 silly lifecycle No script for "prepublish" in "account-info", continuing
62 silly lifecycle No script for "prepublish" in "address", continuing
63 silly lifecycle No script for "prepare" in "account-info", continuing
64 silly lifecycle No script for "prepare" in "address", continuing
65 silly lifecycle No script for "prepublishOnly" in "address", continuing
66 silly lifecycle No script for "prepublishOnly" in "account-info", continuing
67 silly lifecycle No script for "prepack" in "address", continuing
68 silly lifecycle No script for "prepack" in "account-info", continuing
69 silly lifecycle No script for "postpack" in "account-info", continuing
70 verbose packed account-info packages/AccountInfo
71 silly lifecycle No script for "postpack" in "address", continuing
72 verbose packed address packages/Address
73 silly lifecycle No script for "postpack" in "root", continuing
74 verbose publish account-info
75 verbose publish address
76 http fetch PUT 403 https://registry.npmjs.org/address 2271ms
77 error Error: 403 Forbidden - PUT https://registry.npmjs.org/address - You do not have permission to publish "address". Are you logged in as the correct user?
77 error     at res.buffer.catch.then.body (/home/teja/Documents/github/lerna-repo/node_modules/npm-registry-fetch/check-response.js:104:15)
77 error     at <anonymous>
